[debug] > Exec(early(addDefaultCommands), None, None)
[debug] > Exec(addDefaultCommands, None, None)
[debug] > Exec(early(initialize), None, None)
[debug] > Exec(initialize, None, None)
[debug] > Exec(boot, None, None)
[debug] > Exec(writeSbtVersion, None, None)
[debug] > Exec(reload, None, None)
[debug] > Exec(sbtStashOnFailure, None, None)
[debug] > Exec(onFailure loadFailed, None, None)
[debug] > Exec(loadp, None, None)
[info] welcome to sbt 1.10.3 (Amazon.com Inc. Java 17.0.6)
[debug]       Load.loadUnit: plugins took 40.562667ms
[debug]       Load.loadUnit: defsScala took 0.116416ms
[debug] [Loading] Scanning directory /Users/shawnburkett/.sbt/1.0/plugins
[debug] [Loading] Found non-root projects 
[debug] [Loading] Done in /Users/shawnburkett/.sbt/1.0/plugins, returning: ()
[debug] deducing auto plugins based on known facts Set(Atom(sbt.plugins.CorePlugin)) and clauses Clauses(Clause(Atom(sbt.plugins.JvmPlugin),Set(Atom(sbt.plugins.IvyPlugin)))
[debug] Clause(Atom(sbt.ScriptedPlugin),Set(Atom(sbt.plugins.JvmPlugin)))
[debug] Clause(Atom(sbt.plugins.SbtPlugin),Set(Atom(sbt.ScriptedPlugin)))
[debug] Clause(Atom(sbt.plugins.SemanticdbPlugin),Set(Atom(sbt.plugins.JvmPlugin)))
[debug] Clause(Atom(sbt.plugins.JUnitXmlReportPlugin),Set(Atom(sbt.plugins.JvmPlugin)))
[debug] Clause(Atom(sbt.plugins.MiniDependencyTreePlugin),Set(Atom(sbt.plugins.JvmPlugin)))
[debug] Clause(Atom(sbt.plugins.CorePlugin),Set(Atom(sbt.plugins.IvyPlugin)))
[debug] Clause(Atom(sbt.plugins.IvyPlugin),Set(Atom(sbt.plugins.JvmPlugin)))
[debug] Clause(Atom(sbt.plugins.JvmPlugin),Set(Atom(sbt.plugins.SemanticdbPlugin)))
[debug] Clause(Atom(sbt.plugins.JvmPlugin),Set(Atom(sbt.plugins.JUnitXmlReportPlugin)))
[debug] Clause(Atom(sbt.plugins.CorePlugin),Set(Atom(sbt.plugins.Giter8TemplatePlugin)))
[debug] Clause(Atom(sbt.plugins.JvmPlugin),Set(Atom(sbt.plugins.MiniDependencyTreePlugin))))
[debug]   :: deduced result: Matched(sbt.plugins.CorePlugin,sbt.plugins.Giter8TemplatePlugin,sbt.plugins.IvyPlugin,sbt.plugins.JvmPlugin,sbt.plugins.MiniDependencyTreePlugin,sbt.plugins.JUnitXmlReportPlugin,sbt.plugins.SemanticdbPlugin)
[debug] Plugins.deducer#function took 74.16975 ms
[debug]           Load.resolveProject(global-plugins) took 19.966167ms
[debug]         Load.loadTransitive: finalizeProject(Project(id global-plugins, base: /Users/shawnburkett/.sbt/1.0/plugins, plugins: List(<none>))) took 109.710333ms
[debug] [Loading] Done in /Users/shawnburkett/.sbt/1.0/plugins, returning: (global-plugins)
[debug]       Load.loadUnit: loadedProjectsRaw took 127.645ms
[debug]       Load.loadUnit: cleanEvalClasses took 0.111208ms
[debug]     Load.loadUnit(file:/Users/shawnburkett/.sbt/1.0/plugins/, ...) took 172.326166ms
[debug]   Load.apply: load took 567.756709ms
[debug]   Load.apply: resolveProjects took 3.616208ms
[debug]   Load.apply: finalTransforms took 54.264584ms
[debug]   Load.apply: config.delegates took 3.544042ms
[debug]   Load.apply: Def.make(settings)... took 440.754458ms
[debug]   Load.apply: structureIndex took 67.710833ms
[debug]   Load.apply: mkStreams took 0.586ms
[info] loading global plugins from /Users/shawnburkett/.sbt/1.0/plugins
[debug] Running task... Cancel: Signal, check cycles: false, forcegc: true
[debug] Load.defaultLoad until apply took 2458.218208ms
[debug]           Load.loadUnit: plugins took 10.285792ms
[debug]           Load.loadUnit: defsScala took 0.002083ms
[debug] [Loading] Scanning directory /Users/shawnburkett/IdeaProjects/Shawn/project
[debug]             Load.loadUnit: mkEval took 4.182083ms
[debug] [Loading] Found non-root projects 
[debug] [Loading] Done in /Users/shawnburkett/IdeaProjects/Shawn/project, returning: ()
[debug] deducing auto plugins based on known facts Set(Atom(sbt.plugins.CorePlugin)) and clauses Clauses(Clause(Atom(sbt.plugins.JvmPlugin),Set(Atom(sbt.plugins.IvyPlugin)))
[debug] Clause(Atom(sbt.ScriptedPlugin),Set(Atom(sbt.plugins.JvmPlugin)))
[debug] Clause(Atom(sbt.plugins.SbtPlugin),Set(Atom(sbt.ScriptedPlugin)))
[debug] Clause(Atom(sbt.plugins.SemanticdbPlugin),Set(Atom(sbt.plugins.JvmPlugin)))
[debug] Clause(Atom(sbt.plugins.JUnitXmlReportPlugin),Set(Atom(sbt.plugins.JvmPlugin)))
[debug] Clause(Atom(sbt.plugins.MiniDependencyTreePlugin),Set(Atom(sbt.plugins.JvmPlugin)))
[debug] Clause(Atom(sbt.plugins.CorePlugin),Set(Atom(sbt.plugins.IvyPlugin)))
[debug] Clause(Atom(sbt.plugins.IvyPlugin),Set(Atom(sbt.plugins.JvmPlugin)))
[debug] Clause(Atom(sbt.plugins.JvmPlugin),Set(Atom(sbt.plugins.SemanticdbPlugin)))
[debug] Clause(Atom(sbt.plugins.JvmPlugin),Set(Atom(sbt.plugins.JUnitXmlReportPlugin)))
[debug] Clause(Atom(sbt.plugins.CorePlugin),Set(Atom(sbt.plugins.Giter8TemplatePlugin)))
[debug] Clause(Atom(sbt.plugins.JvmPlugin),Set(Atom(sbt.plugins.MiniDependencyTreePlugin))))
[debug]   :: deduced result: Matched(sbt.plugins.CorePlugin,sbt.plugins.Giter8TemplatePlugin,sbt.plugins.IvyPlugin,sbt.plugins.JvmPlugin,sbt.plugins.MiniDependencyTreePlugin,sbt.plugins.JUnitXmlReportPlugin,sbt.plugins.SemanticdbPlugin)
[debug] Plugins.deducer#function took 0.917542 ms
[info] loading settings for project shawn-build from plugins.sbt ...
[debug]               Load.resolveProject(shawn-build) took 1.442208ms
[debug]             Load.loadTransitive: finalizeProject(Project(id shawn-build, base: /Users/shawnburkett/IdeaProjects/Shawn/project, plugins: List(<none>))) took 2.676875ms
[debug] [Loading] Done in /Users/shawnburkett/IdeaProjects/Shawn/project, returning: (shawn-build)
[debug]           Load.loadUnit: loadedProjectsRaw took 91.552375ms
[debug]           Load.loadUnit: cleanEvalClasses took 3.046291ms
[debug]         Load.loadUnit(file:/Users/shawnburkett/IdeaProjects/Shawn/project/, ...) took 105.379959ms
[debug]       Load.apply: load took 106.208834ms
[debug]       Load.apply: resolveProjects took 0.091625ms
[debug]       Load.apply: finalTransforms took 5.039209ms
[debug]       Load.apply: config.delegates took 0.282083ms
[debug]       Load.apply: Def.make(settings)... took 227.80575ms
[debug]       Load.apply: structureIndex took 43.955416ms
[debug]       Load.apply: mkStreams took 0.002542ms
[info] loading project definition from /Users/shawnburkett/IdeaProjects/Shawn/project
[debug] Running task... Cancel: Signal, check cycles: false, forcegc: true
[warn] sbt-assembly.jar no longer exists at /Users/shawnburkett/Library/Caches/Coursier/v1/https/repo.scala-sbt.org/scalasbt/sbt-plugin-releases/com.eed3si9n/sbt-assembly/scala_2.12/sbt_1.0/0.15.0/jars/sbt-assembly.jar
[debug]     Load.loadUnit: plugins took 5644.127209ms
[debug]     Load.loadUnit: defsScala took 0.001084ms
[debug] [Loading] Scanning directory /Users/shawnburkett/IdeaProjects/Shawn
[debug]       Load.loadUnit: mkEval took 0.098209ms
[debug] [Loading] Found root project root w/ remaining 
[debug] deducing auto plugins based on known facts Set(Atom(sbt.plugins.CorePlugin)) and clauses Clauses(Clause(Atom(sbt.plugins.JvmPlugin),Set(Atom(sbt.plugins.IvyPlugin)))
[debug] Clause(Atom(sbt.ScriptedPlugin),Set(Atom(sbt.plugins.JvmPlugin)))
[debug] Clause(Atom(sbt.plugins.SbtPlugin),Set(Atom(sbt.ScriptedPlugin)))
[debug] Clause(Atom(sbt.plugins.SemanticdbPlugin),Set(Atom(sbt.plugins.JvmPlugin)))
[debug] Clause(Atom(sbt.plugins.JUnitXmlReportPlugin),Set(Atom(sbt.plugins.JvmPlugin)))
[debug] Clause(Atom(sbt.plugins.MiniDependencyTreePlugin),Set(Atom(sbt.plugins.JvmPlugin)))
[debug] Clause(Atom(sbtassembly.AssemblyPlugin),Set(Atom(sbt.plugins.JvmPlugin)))
[debug] Clause(Atom(sbt.plugins.CorePlugin),Set(Atom(sbt.plugins.IvyPlugin)))
[debug] Clause(Atom(sbt.plugins.IvyPlugin),Set(Atom(sbt.plugins.JvmPlugin)))
[debug] Clause(Atom(sbt.plugins.JvmPlugin),Set(Atom(sbt.plugins.SemanticdbPlugin)))
[debug] Clause(Atom(sbt.plugins.JvmPlugin),Set(Atom(sbt.plugins.JUnitXmlReportPlugin)))
[debug] Clause(Atom(sbt.plugins.CorePlugin),Set(Atom(sbt.plugins.Giter8TemplatePlugin)))
[debug] Clause(Atom(sbt.plugins.JvmPlugin),Set(Atom(sbt.plugins.MiniDependencyTreePlugin)))
[debug] Clause(Atom(sbt.plugins.JvmPlugin),Set(Atom(sbtassembly.AssemblyPlugin))))
[debug]   :: deduced result: Matched(sbt.plugins.CorePlugin,sbt.plugins.Giter8TemplatePlugin,sbt.plugins.IvyPlugin,sbt.plugins.JvmPlugin,sbtassembly.AssemblyPlugin,sbt.plugins.MiniDependencyTreePlugin,sbt.plugins.JUnitXmlReportPlugin,sbt.plugins.SemanticdbPlugin)
[debug] Plugins.deducer#function took 0.638333 ms
[info] loading settings for project root from build.sbt ...
[debug]         Load.resolveProject(root) took 0.785792ms
[debug]       Load.loadTransitive: finalizeProject(Project(id root, base: /Users/shawnburkett/IdeaProjects/Shawn, plugins: List(<none>))) took 1.922125ms
[debug] [Loading] Done in /Users/shawnburkett/IdeaProjects/Shawn, returning: (root)
[debug]     Load.loadUnit: loadedProjectsRaw took 49.079833ms
[debug]     Load.loadUnit: cleanEvalClasses took 1.763292ms
[debug]   Load.loadUnit(file:/Users/shawnburkett/IdeaProjects/Shawn/, ...) took 5695.349542ms
[debug] Load.apply: load took 5696.212166ms
[debug] Load.apply: resolveProjects took 0.058333ms
[debug] Load.apply: finalTransforms took 4.33675ms
[debug] Load.apply: config.delegates took 0.21025ms
[debug] Load.apply: Def.make(settings)... took 94.304458ms
[debug] Load.apply: structureIndex took 28.05575ms
[debug] Load.apply: mkStreams took 0.001875ms
[info] set current project to Shawn (in build file:/Users/shawnburkett/IdeaProjects/Shawn/)
[debug] > Exec(sbtPopOnFailure, None, None)
[debug] > Exec(resumeFromFailure, None, None)
[debug] > Exec(notifyUsersAboutShell, None, None)
[debug] > Exec(iflast shell, None, None)
[debug] > Exec(shell, None, None)
[info] sbt server started at local:///Users/shawnburkett/.sbt/1.0/server/00458c093cac3d9d2f93/sock
[debug] Writing bsp connection file
[info] started sbt server
